<?xml version="1.0" encoding="UTF-8"?>
<testng-results ignored="0" total="2" passed="2" failed="0" skipped="0">
  <reporter-output>
  </reporter-output>
  <suite started-at="2024-05-18T13:50:51 IST" name="Default suite" finished-at="2024-05-18T13:50:52 IST" duration-ms="380">
    <groups>
    </groups>
    <test started-at="2024-05-18T13:50:51 IST" name="Default test" finished-at="2024-05-18T13:50:52 IST" duration-ms="380">
      <class name="TestN.TestNDG_demo">
        <test-method is-config="true" signature="beforeSuite()[pri:0, instance:TestN.TestNDG_demo@614ca7df]" started-at="2024-05-18T13:50:51 IST" name="beforeSuite" finished-at="2024-05-18T13:50:51 IST" duration-ms="44" status="PASS">
          <reporter-output>
          </reporter-output>
        </test-method> <!-- beforeSuite -->
        <test-method is-config="true" signature="beforeTest()[pri:0, instance:TestN.TestNDG_demo@614ca7df]" started-at="2024-05-18T13:50:52 IST" name="beforeTest" finished-at="2024-05-18T13:50:52 IST" duration-ms="1" status="PASS">
          <reporter-output>
          </reporter-output>
        </test-method> <!-- beforeTest -->
        <test-method is-config="true" signature="beforeClass()[pri:0, instance:TestN.TestNDG_demo@614ca7df]" started-at="2024-05-18T13:50:52 IST" name="beforeClass" finished-at="2024-05-18T13:50:52 IST" duration-ms="6" status="PASS">
          <reporter-output>
          </reporter-output>
        </test-method> <!-- beforeClass -->
        <test-method is-config="true" signature="beforeMethod()[pri:0, instance:TestN.TestNDG_demo@614ca7df]" started-at="2024-05-18T13:50:52 IST" name="beforeMethod" finished-at="2024-05-18T13:50:52 IST" duration-ms="8" status="PASS">
          <reporter-output>
          </reporter-output>
        </test-method> <!-- beforeMethod -->
        <test-method signature="Regtest()[pri:0, instance:TestN.TestNDG_demo@614ca7df]" started-at="2024-05-18T13:50:52 IST" name="Regtest" finished-at="2024-05-18T13:50:52 IST" duration-ms="57" status="PASS">
          <reporter-output>
          </reporter-output>
        </test-method> <!-- Regtest -->
        <test-method is-config="true" signature="afterMethod()[pri:0, instance:TestN.TestNDG_demo@614ca7df]" started-at="2024-05-18T13:50:52 IST" name="afterMethod" finished-at="2024-05-18T13:50:52 IST" duration-ms="1" status="PASS">
          <reporter-output>
          </reporter-output>
        </test-method> <!-- afterMethod -->
        <test-method is-config="true" signature="beforeMethod()[pri:0, instance:TestN.TestNDG_demo@614ca7df]" started-at="2024-05-18T13:50:52 IST" name="beforeMethod" finished-at="2024-05-18T13:50:52 IST" duration-ms="4" status="PASS">
          <reporter-output>
          </reporter-output>
        </test-method> <!-- beforeMethod -->
        <test-method signature="logintest()[pri:0, instance:TestN.TestNDG_demo@614ca7df]" started-at="2024-05-18T13:50:52 IST" name="logintest" finished-at="2024-05-18T13:50:52 IST" duration-ms="24" status="PASS">
          <reporter-output>
          </reporter-output>
        </test-method> <!-- logintest -->
        <test-method is-config="true" signature="afterMethod()[pri:0, instance:TestN.TestNDG_demo@614ca7df]" started-at="2024-05-18T13:50:52 IST" name="afterMethod" finished-at="2024-05-18T13:50:52 IST" duration-ms="8" status="PASS">
          <reporter-output>
          </reporter-output>
        </test-method> <!-- afterMethod -->
        <test-method is-config="true" signature="aftereClass()[pri:0, instance:TestN.TestNDG_demo@614ca7df]" started-at="2024-05-18T13:50:52 IST" name="aftereClass" finished-at="2024-05-18T13:50:52 IST" duration-ms="4" status="PASS">
          <reporter-output>
          </reporter-output>
        </test-method> <!-- aftereClass -->
        <test-method is-config="true" signature="aftertest()[pri:0, instance:TestN.TestNDG_demo@614ca7df]" started-at="2024-05-18T13:50:52 IST" name="aftertest" finished-at="2024-05-18T13:50:52 IST" duration-ms="1" status="PASS">
          <reporter-output>
          </reporter-output>
        </test-method> <!-- aftertest -->
        <test-method is-config="true" signature="afterSuite()[pri:0, instance:TestN.TestNDG_demo@614ca7df]" started-at="2024-05-18T13:50:52 IST" name="afterSuite" finished-at="2024-05-18T13:50:52 IST" duration-ms="2" status="PASS">
          <reporter-output>
          </reporter-output>
        </test-method> <!-- afterSuite -->
      </class> <!-- TestN.TestNDG_demo -->
    </test> <!-- Default test -->
  </suite> <!-- Default suite -->
</testng-results>
